2025-01-17 11:28:30,391 sub [WARN] 1 + 1 == two ?
2025-01-17 11:28:30,392 sub [ERROR] sub error
2025-01-17 11:28:30,392 sub [ERROR] Streamed sub error
2025-01-17 11:28:30,392 sub [WARN] Streamed sub warn
2025-01-17 11:35:58,788 salesDepart [FATAL] this is an emerg msg
2025-01-17 11:35:58,789 salesDepart [FATAL] this is a fatal msg
2025-01-17 11:35:58,789 salesDepart [ALERT] this is an alert msg
2025-01-17 11:35:58,789 salesDepart [CRIT] this is a crit msg
2025-01-17 11:35:58,789 salesDepart [ERROR] this is an error msg
2025-01-17 11:35:58,789 salesDepart [WARN] this is a warn msg
2025-01-17 11:35:58,789 salesDepart [FATAL] this is an emerg msg
2025-01-17 11:35:58,789 salesDepart [FATAL] this is a fatal msg
2025-01-17 11:35:58,789 salesDepart [ALERT] this is an alert msg
2025-01-17 11:35:58,789 salesDepart [CRIT] this is a crit msg
2025-01-17 11:35:58,789 salesDepart [ERROR] this is an error msg
2025-01-17 11:35:58,789 salesDepart [WARN] this is a warn msg
2025-01-17 11:35:58,790 salesDepart [FATAL] this is an emerg msg
2025-01-17 11:35:58,790 salesDepart [FATAL] this is a fatal msg
2025-01-17 11:35:58,790 salesDepart [ALERT] this is an alert msg
2025-01-17 11:35:58,790 salesDepart [CRIT] this is a crit msg
2025-01-17 11:35:58,790 salesDepart [ERROR] this is an error msg
2025-01-17 11:35:58,790 salesDepart [WARN] this is a warn msg
2025-01-17 11:35:58,790 salesDepart [FATAL] this is an emerg msg
2025-01-17 11:35:58,790 salesDepart [FATAL] this is a fatal msg
2025-01-17 11:35:58,791 salesDepart [ALERT] this is an alert msg
2025-01-17 11:35:58,791 salesDepart [CRIT] this is a crit msg
2025-01-17 11:35:58,791 salesDepart [ERROR] this is an error msg
2025-01-17 11:35:58,791 salesDepart [WARN] this is a warn msg
2025-01-17 11:35:58,791 salesDepart [FATAL] this is an emerg msg
2025-01-17 11:35:58,791 salesDepart [FATAL] this is a fatal msg
2025-01-17 11:35:58,791 salesDepart [ALERT] this is an alert msg
2025-01-17 11:35:58,791 salesDepart [CRIT] this is a crit msg
2025-01-17 11:35:58,791 salesDepart [ERROR] this is an error msg
2025-01-17 11:35:58,791 salesDepart [WARN] this is a warn msg
2025-01-17 11:35:58,792 salesDepart [FATAL] this is an emerg msg
2025-01-17 11:35:58,792 salesDepart [FATAL] this is a fatal msg
2025-01-17 11:35:58,792 salesDepart [ALERT] this is an alert msg
2025-01-17 11:35:58,792 salesDepart [CRIT] this is a crit msg
2025-01-17 11:35:58,792 salesDepart [ERROR] this is an error msg
2025-01-17 11:35:58,792 salesDepart [WARN] this is a warn msg
2025-01-17 11:35:58,792 salesDepart [FATAL] this is an emerg msg
2025-01-17 11:35:58,792 salesDepart [FATAL] this is a fatal msg
2025-01-17 11:35:58,792 salesDepart [ALERT] this is an alert msg
2025-01-17 11:35:58,792 salesDepart [CRIT] this is a crit msg
2025-01-17 11:35:58,792 salesDepart [ERROR] this is an error msg
2025-01-17 11:35:58,792 salesDepart [WARN] this is a warn msg
2025-01-17 11:35:58,792 salesDepart [FATAL] this is an emerg msg
2025-01-17 11:35:58,792 salesDepart [FATAL] this is a fatal msg
2025-01-17 11:35:58,792 salesDepart [ALERT] this is an alert msg
2025-01-17 11:35:58,792 salesDepart [CRIT] this is a crit msg
2025-01-17 11:35:58,792 salesDepart [ERROR] this is an error msg
2025-01-17 11:35:58,792 salesDepart [WARN] this is a warn msg
2025-01-17 11:35:58,792 salesDepart [FATAL] this is an emerg msg
2025-01-17 11:35:58,792 salesDepart [FATAL] this is a fatal msg
2025-01-17 11:35:58,792 salesDepart [ALERT] this is an alert msg
2025-01-17 11:35:58,792 salesDepart [CRIT] this is a crit msg
2025-01-17 11:35:58,792 salesDepart [ERROR] this is an error msg
2025-01-17 11:35:58,792 salesDepart [WARN] this is a warn msg
2025-01-17 11:35:58,792 salesDepart [FATAL] this is an emerg msg
2025-01-17 11:35:58,792 salesDepart [FATAL] this is a fatal msg
2025-01-17 11:35:58,792 salesDepart [ALERT] this is an alert msg
2025-01-17 11:35:58,792 salesDepart [CRIT] this is a crit msg
2025-01-17 11:35:58,792 salesDepart [ERROR] this is an error msg
2025-01-17 11:35:58,792 salesDepart [WARN] this is a warn msg
2025-01-17 11:35:58,792 salesDepart [FATAL] this is an emerg msg
2025-01-17 11:35:58,792 salesDepart [FATAL] this is a fatal msg
2025-01-17 11:35:58,792 salesDepart [ALERT] this is an alert msg
2025-01-17 11:35:58,792 salesDepart [CRIT] this is a crit msg
2025-01-17 11:35:58,792 salesDepart [ERROR] this is an error msg
2025-01-17 11:35:58,792 salesDepart [WARN] this is a warn msg
2025-01-17 11:35:58,792 salesDepart [FATAL] this is an emerg msg
2025-01-17 11:35:58,792 salesDepart [FATAL] this is a fatal msg
2025-01-17 11:35:58,792 salesDepart [ALERT] this is an alert msg
2025-01-17 11:35:58,792 salesDepart [CRIT] this is a crit msg
2025-01-17 11:35:58,792 salesDepart [ERROR] this is an error msg
2025-01-17 11:35:58,792 salesDepart [WARN] this is a warn msg
2025-01-17 11:35:58,792 salesDepart [FATAL] this is an emerg msg
2025-01-17 11:35:58,792 salesDepart [FATAL] this is a fatal msg
2025-01-17 11:35:58,792 salesDepart [ALERT] this is an alert msg
2025-01-17 11:35:58,792 salesDepart [CRIT] this is a crit msg
2025-01-17 11:35:58,792 salesDepart [ERROR] this is an error msg
2025-01-17 11:35:58,792 salesDepart [WARN] this is a warn msg
2025-01-17 11:35:58,793 salesDepart [FATAL] this is an emerg msg
2025-01-17 11:35:58,793 salesDepart [FATAL] this is a fatal msg
2025-01-17 11:35:58,793 salesDepart [ALERT] this is an alert msg
2025-01-17 11:35:58,794 salesDepart [CRIT] this is a crit msg
2025-01-17 11:35:58,794 salesDepart [ERROR] this is an error msg
2025-01-17 11:35:58,794 salesDepart [WARN] this is a warn msg
2025-01-17 11:35:58,794 salesDepart [FATAL] this is an emerg msg
2025-01-17 11:35:58,794 salesDepart [FATAL] this is a fatal msg
2025-01-17 11:35:58,794 salesDepart [ALERT] this is an alert msg
2025-01-17 11:35:58,794 salesDepart [CRIT] this is a crit msg
2025-01-17 11:35:58,794 salesDepart [ERROR] this is an error msg
2025-01-17 11:35:58,794 salesDepart [WARN] this is a warn msg
2025-01-17 11:35:58,794 salesDepart [FATAL] this is an emerg msg
2025-01-17 11:35:58,794 salesDepart [FATAL] this is a fatal msg
2025-01-17 11:35:58,794 salesDepart [ALERT] this is an alert msg
2025-01-17 11:35:58,794 salesDepart [CRIT] this is a crit msg
2025-01-17 11:35:58,794 salesDepart [ERROR] this is an error msg
2025-01-17 11:35:58,794 salesDepart [WARN] this is a warn msg
2025-01-17 11:35:58,794 salesDepart [FATAL] this is an emerg msg
2025-01-17 11:35:58,794 salesDepart [FATAL] this is a fatal msg
2025-01-17 11:35:58,794 salesDepart [ALERT] this is an alert msg
2025-01-17 11:35:58,794 salesDepart [CRIT] this is a crit msg
2025-01-17 11:35:58,794 salesDepart [ERROR] this is an error msg
2025-01-17 11:35:58,794 salesDepart [WARN] this is a warn msg
2025-01-17 11:35:58,794 salesDepart [FATAL] this is an emerg msg
2025-01-17 11:35:58,794 salesDepart [FATAL] this is a fatal msg
2025-01-17 11:35:58,794 salesDepart [ALERT] this is an alert msg
2025-01-17 11:35:58,795 salesDepart [CRIT] this is a crit msg
2025-01-17 11:35:58,795 salesDepart [ERROR] this is an error msg
2025-01-17 11:35:58,795 salesDepart [WARN] this is a warn msg
2025-01-17 11:35:58,795 salesDepart [FATAL] this is an emerg msg
2025-01-17 11:35:58,795 salesDepart [FATAL] this is a fatal msg
2025-01-17 11:35:58,795 salesDepart [ALERT] this is an alert msg
2025-01-17 11:35:58,795 salesDepart [CRIT] this is a crit msg
2025-01-17 11:35:58,796 salesDepart [ERROR] this is an error msg
2025-01-17 11:35:58,796 salesDepart [WARN] this is a warn msg
2025-01-17 11:35:58,796 salesDepart [FATAL] this is an emerg msg
2025-01-17 11:35:58,796 salesDepart [FATAL] this is a fatal msg
2025-01-17 11:35:58,797 salesDepart [ALERT] this is an alert msg
2025-01-17 11:35:58,797 salesDepart [CRIT] this is a crit msg
2025-01-17 11:35:58,798 salesDepart [ERROR] this is an error msg
2025-01-17 11:35:58,798 salesDepart [WARN] this is a warn msg
2025-01-17 11:35:58,798 salesDepart [FATAL] this is an emerg msg
2025-01-17 11:35:58,798 salesDepart [FATAL] this is a fatal msg
2025-01-17 11:35:58,798 salesDepart [ALERT] this is an alert msg
2025-01-17 11:35:58,798 salesDepart [CRIT] this is a crit msg
2025-01-17 11:35:58,798 salesDepart [ERROR] this is an error msg
2025-01-17 11:35:58,798 salesDepart [WARN] this is a warn msg
2025-01-17 11:35:58,798 salesDepart [FATAL] this is an emerg msg
2025-01-17 11:35:58,798 salesDepart [FATAL] this is a fatal msg
2025-01-17 11:35:58,798 salesDepart [ALERT] this is an alert msg
2025-01-17 11:35:58,799 salesDepart [CRIT] this is a crit msg
2025-01-17 11:35:58,799 salesDepart [ERROR] this is an error msg
2025-01-17 11:35:58,799 salesDepart [WARN] this is a warn msg
2025-01-17 11:35:58,799 salesDepart [FATAL] this is an emerg msg
2025-01-17 11:35:58,799 salesDepart [FATAL] this is a fatal msg
2025-01-17 11:35:58,799 salesDepart [ALERT] this is an alert msg
2025-01-17 11:35:58,799 salesDepart [CRIT] this is a crit msg
2025-01-17 11:35:58,800 salesDepart [ERROR] this is an error msg
2025-01-17 11:35:58,800 salesDepart [WARN] this is a warn msg
2025-01-17 11:35:58,800 salesDepart [FATAL] this is an emerg msg
2025-01-17 11:35:58,800 salesDepart [FATAL] this is a fatal msg
2025-01-17 11:35:58,800 salesDepart [ALERT] this is an alert msg
2025-01-17 11:35:58,800 salesDepart [CRIT] this is a crit msg
2025-01-17 11:35:58,801 salesDepart [ERROR] this is an error msg
2025-01-17 11:35:58,801 salesDepart [WARN] this is a warn msg
2025-01-17 11:35:58,802 salesDepart [FATAL] this is an emerg msg
2025-01-17 11:35:58,802 salesDepart [FATAL] this is a fatal msg
2025-01-17 11:35:58,802 salesDepart [ALERT] this is an alert msg
2025-01-17 11:35:58,802 salesDepart [CRIT] this is a crit msg
2025-01-17 11:35:58,802 salesDepart [ERROR] this is an error msg
2025-01-17 11:35:58,802 salesDepart [WARN] this is a warn msg
2025-01-17 11:35:58,802 salesDepart [FATAL] this is an emerg msg
2025-01-17 11:35:58,803 salesDepart [FATAL] this is a fatal msg
2025-01-17 11:35:58,803 salesDepart [ALERT] this is an alert msg
2025-01-17 11:35:58,803 salesDepart [CRIT] this is a crit msg
2025-01-17 11:35:58,803 salesDepart [ERROR] this is an error msg
2025-01-17 11:35:58,803 salesDepart [WARN] this is a warn msg
2025-01-17 11:35:58,803 salesDepart [FATAL] this is an emerg msg
2025-01-17 11:35:58,803 salesDepart [FATAL] this is a fatal msg
2025-01-17 11:35:58,804 salesDepart [ALERT] this is an alert msg
2025-01-17 11:35:58,804 salesDepart [CRIT] this is a crit msg
2025-01-17 11:35:58,804 salesDepart [ERROR] this is an error msg
2025-01-17 11:35:58,804 salesDepart [WARN] this is a warn msg
2025-01-17 11:35:58,804 salesDepart [FATAL] this is an emerg msg
2025-01-17 11:35:58,805 salesDepart [FATAL] this is a fatal msg
2025-01-17 11:35:58,805 salesDepart [ALERT] this is an alert msg
2025-01-17 11:35:58,805 salesDepart [CRIT] this is a crit msg
2025-01-17 11:35:58,805 salesDepart [ERROR] this is an error msg
2025-01-17 11:35:58,805 salesDepart [WARN] this is a warn msg
2025-01-17 11:35:58,805 salesDepart [FATAL] this is an emerg msg
2025-01-17 11:35:58,805 salesDepart [FATAL] this is a fatal msg
2025-01-17 11:35:58,805 salesDepart [ALERT] this is an alert msg
2025-01-17 11:35:58,805 salesDepart [CRIT] this is a crit msg
2025-01-17 11:35:58,805 salesDepart [ERROR] this is an error msg
2025-01-17 11:35:58,805 salesDepart [WARN] this is a warn msg
2025-01-17 11:35:58,805 salesDepart [FATAL] this is an emerg msg
2025-01-17 11:35:58,805 salesDepart [FATAL] this is a fatal msg
2025-01-17 11:35:58,805 salesDepart [ALERT] this is an alert msg
2025-01-17 11:35:58,805 salesDepart [CRIT] this is a crit msg
2025-01-17 11:35:58,805 salesDepart [ERROR] this is an error msg
2025-01-17 11:35:58,805 salesDepart [WARN] this is a warn msg
2025-01-17 11:35:58,805 salesDepart [FATAL] this is an emerg msg
2025-01-17 11:35:58,805 salesDepart [FATAL] this is a fatal msg
2025-01-17 11:35:58,805 salesDepart [ALERT] this is an alert msg
2025-01-17 11:35:58,805 salesDepart [CRIT] this is a crit msg
2025-01-17 11:35:58,805 salesDepart [ERROR] this is an error msg
2025-01-17 11:35:58,805 salesDepart [WARN] this is a warn msg
2025-01-17 11:35:58,805 salesDepart [FATAL] this is an emerg msg
2025-01-17 11:35:58,806 salesDepart [FATAL] this is a fatal msg
2025-01-17 11:35:58,806 salesDepart [ALERT] this is an alert msg
2025-01-17 11:35:58,806 salesDepart [CRIT] this is a crit msg
2025-01-17 11:35:58,806 salesDepart [ERROR] this is an error msg
2025-01-17 11:35:58,806 salesDepart [WARN] this is a warn msg
2025-01-17 11:35:58,806 salesDepart [FATAL] this is an emerg msg
2025-01-17 11:35:58,807 salesDepart [FATAL] this is a fatal msg
2025-01-17 11:35:58,807 salesDepart [ALERT] this is an alert msg
2025-01-17 11:35:58,807 salesDepart [CRIT] this is a crit msg
2025-01-17 11:35:58,807 salesDepart [ERROR] this is an error msg
2025-01-17 11:35:58,808 salesDepart [WARN] this is a warn msg
2025-01-17 11:35:58,808 salesDepart [FATAL] this is an emerg msg
2025-01-17 11:35:58,808 salesDepart [FATAL] this is a fatal msg
2025-01-17 11:35:58,808 salesDepart [ALERT] this is an alert msg
2025-01-17 11:35:58,808 salesDepart [CRIT] this is a crit msg
2025-01-17 11:35:58,808 salesDepart [ERROR] this is an error msg
2025-01-17 11:35:58,808 salesDepart [WARN] this is a warn msg
2025-01-17 11:35:58,809 salesDepart [FATAL] this is an emerg msg
2025-01-17 11:35:58,809 salesDepart [FATAL] this is a fatal msg
2025-01-17 11:35:58,809 salesDepart [ALERT] this is an alert msg
2025-01-17 11:35:58,809 salesDepart [CRIT] this is a crit msg
2025-01-17 11:35:58,809 salesDepart [ERROR] this is an error msg
2025-01-17 11:35:58,809 salesDepart [WARN] this is a warn msg
2025-01-17 11:35:58,809 salesDepart [FATAL] this is an emerg msg
2025-01-17 11:35:58,809 salesDepart [FATAL] this is a fatal msg
2025-01-17 11:35:58,809 salesDepart [ALERT] this is an alert msg
2025-01-17 11:35:58,809 salesDepart [CRIT] this is a crit msg
2025-01-17 11:35:58,809 salesDepart [ERROR] this is an error msg
2025-01-17 11:35:58,809 salesDepart [WARN] this is a warn msg
2025-01-17 11:35:58,810 salesDepart [FATAL] this is an emerg msg
2025-01-17 11:35:58,810 salesDepart [FATAL] this is a fatal msg
2025-01-17 11:35:58,810 salesDepart [ALERT] this is an alert msg
2025-01-17 11:35:58,811 salesDepart [CRIT] this is a crit msg
2025-01-17 11:35:58,811 salesDepart [ERROR] this is an error msg
2025-01-17 11:35:58,811 salesDepart [WARN] this is a warn msg
2025-01-17 11:35:58,811 salesDepart [FATAL] this is an emerg msg
2025-01-17 11:35:58,811 salesDepart [FATAL] this is a fatal msg
2025-01-17 11:35:58,811 salesDepart [ALERT] this is an alert msg
2025-01-17 11:35:58,812 salesDepart [CRIT] this is a crit msg
2025-01-17 11:35:58,812 salesDepart [ERROR] this is an error msg
2025-01-17 11:35:58,812 salesDepart [WARN] this is a warn msg
2025-01-17 11:35:58,812 salesDepart [FATAL] this is an emerg msg
2025-01-17 11:35:58,813 salesDepart [FATAL] this is a fatal msg
2025-01-17 11:35:58,813 salesDepart [ALERT] this is an alert msg
2025-01-17 11:35:58,813 salesDepart [CRIT] this is a crit msg
2025-01-17 11:35:58,813 salesDepart [ERROR] this is an error msg
2025-01-17 11:35:58,813 salesDepart [WARN] this is a warn msg
2025-01-17 11:35:58,813 salesDepart [FATAL] this is an emerg msg
2025-01-17 11:35:58,813 salesDepart [FATAL] this is a fatal msg
2025-01-17 11:35:58,813 salesDepart [ALERT] this is an alert msg
2025-01-17 11:35:58,813 salesDepart [CRIT] this is a crit msg
2025-01-17 11:35:58,813 salesDepart [ERROR] this is an error msg
2025-01-17 11:35:58,813 salesDepart [WARN] this is a warn msg
2025-01-17 11:35:58,813 salesDepart [FATAL] this is an emerg msg
2025-01-17 11:35:58,813 salesDepart [FATAL] this is a fatal msg
2025-01-17 11:35:58,814 salesDepart [ALERT] this is an alert msg
2025-01-17 11:35:58,815 salesDepart [CRIT] this is a crit msg
2025-01-17 11:35:58,815 salesDepart [ERROR] this is an error msg
2025-01-17 11:35:58,815 salesDepart [WARN] this is a warn msg
2025-01-17 11:35:58,815 salesDepart [FATAL] this is an emerg msg
2025-01-17 11:35:58,815 salesDepart [FATAL] this is a fatal msg
2025-01-17 11:35:58,815 salesDepart [ALERT] this is an alert msg
2025-01-17 11:35:58,815 salesDepart [CRIT] this is a crit msg
2025-01-17 11:35:58,815 salesDepart [ERROR] this is an error msg
2025-01-17 11:35:58,816 salesDepart [WARN] this is a warn msg
2025-01-17 11:35:58,816 salesDepart [FATAL] this is an emerg msg
2025-01-17 11:35:58,816 salesDepart [FATAL] this is a fatal msg
2025-01-17 11:35:58,816 salesDepart [ALERT] this is an alert msg
2025-01-17 11:35:58,816 salesDepart [CRIT] this is a crit msg
2025-01-17 11:35:58,816 salesDepart [ERROR] this is an error msg
2025-01-17 11:35:58,816 salesDepart [WARN] this is a warn msg
2025-01-17 11:35:58,816 salesDepart [FATAL] this is an emerg msg
2025-01-17 11:35:58,816 salesDepart [FATAL] this is a fatal msg
2025-01-17 11:35:58,816 salesDepart [ALERT] this is an alert msg
2025-01-17 11:35:58,816 salesDepart [CRIT] this is a crit msg
2025-01-17 11:35:58,816 salesDepart [ERROR] this is an error msg
2025-01-17 11:35:58,817 salesDepart [WARN] this is a warn msg
2025-01-17 11:35:58,817 salesDepart [FATAL] this is an emerg msg
2025-01-17 11:35:58,817 salesDepart [FATAL] this is a fatal msg
2025-01-17 11:35:58,818 salesDepart [ALERT] this is an alert msg
2025-01-17 11:35:58,818 salesDepart [CRIT] this is a crit msg
2025-01-17 11:35:58,818 salesDepart [ERROR] this is an error msg
2025-01-17 11:35:58,818 salesDepart [WARN] this is a warn msg
2025-01-17 11:35:58,819 salesDepart [FATAL] this is an emerg msg
2025-01-17 11:35:58,819 salesDepart [FATAL] this is a fatal msg
2025-01-17 11:35:58,819 salesDepart [ALERT] this is an alert msg
2025-01-17 11:35:58,819 salesDepart [CRIT] this is a crit msg
2025-01-17 11:35:58,819 salesDepart [ERROR] this is an error msg
2025-01-17 11:35:58,819 salesDepart [WARN] this is a warn msg
2025-01-17 11:35:58,819 salesDepart [FATAL] this is an emerg msg
2025-01-17 11:35:58,819 salesDepart [FATAL] this is a fatal msg
2025-01-17 11:35:58,819 salesDepart [ALERT] this is an alert msg
2025-01-17 11:35:58,819 salesDepart [CRIT] this is a crit msg
2025-01-17 11:35:58,819 salesDepart [ERROR] this is an error msg
2025-01-17 11:35:58,819 salesDepart [WARN] this is a warn msg
2025-01-17 11:35:58,819 salesDepart [FATAL] this is an emerg msg
2025-01-17 11:35:58,819 salesDepart [FATAL] this is a fatal msg
2025-01-17 11:35:58,819 salesDepart [ALERT] this is an alert msg
2025-01-17 11:35:58,819 salesDepart [CRIT] this is a crit msg
2025-01-17 11:35:58,820 salesDepart [ERROR] this is an error msg
2025-01-17 11:35:58,820 salesDepart [WARN] this is a warn msg
2025-01-17 11:35:58,820 salesDepart [FATAL] this is an emerg msg
2025-01-17 11:35:58,820 salesDepart [FATAL] this is a fatal msg
2025-01-17 11:35:58,820 salesDepart [ALERT] this is an alert msg
2025-01-17 11:35:58,820 salesDepart [CRIT] this is a crit msg
2025-01-17 11:35:58,820 salesDepart [ERROR] this is an error msg
2025-01-17 11:35:58,820 salesDepart [WARN] this is a warn msg
2025-01-17 11:35:58,820 salesDepart [FATAL] this is an emerg msg
2025-01-17 11:35:58,820 salesDepart [FATAL] this is a fatal msg
2025-01-17 11:35:58,820 salesDepart [ALERT] this is an alert msg
2025-01-17 11:35:58,820 salesDepart [CRIT] this is a crit msg
2025-01-17 11:35:58,820 salesDepart [ERROR] this is an error msg
2025-01-17 11:35:58,820 salesDepart [WARN] this is a warn msg
2025-01-17 11:35:58,820 salesDepart [FATAL] this is an emerg msg
2025-01-17 11:35:58,820 salesDepart [FATAL] this is a fatal msg
2025-01-17 11:35:58,820 salesDepart [ALERT] this is an alert msg
2025-01-17 11:35:58,820 salesDepart [CRIT] this is a crit msg
2025-01-17 11:35:58,820 salesDepart [ERROR] this is an error msg
2025-01-17 11:35:58,820 salesDepart [WARN] this is a warn msg
2025-01-17 11:35:58,820 salesDepart [FATAL] this is an emerg msg
2025-01-17 11:35:58,820 salesDepart [FATAL] this is a fatal msg
2025-01-17 11:35:58,820 salesDepart [ALERT] this is an alert msg
2025-01-17 11:35:58,820 salesDepart [CRIT] this is a crit msg
2025-01-17 11:35:58,820 salesDepart [ERROR] this is an error msg
2025-01-17 11:35:58,820 salesDepart [WARN] this is a warn msg
2025-01-17 11:35:58,820 salesDepart [FATAL] this is an emerg msg
2025-01-17 11:35:58,820 salesDepart [FATAL] this is a fatal msg
2025-01-17 11:35:58,820 salesDepart [ALERT] this is an alert msg
2025-01-17 11:35:58,820 salesDepart [CRIT] this is a crit msg
2025-01-17 11:35:58,820 salesDepart [ERROR] this is an error msg
2025-01-17 11:35:58,820 salesDepart [WARN] this is a warn msg
2025-01-17 11:35:58,820 salesDepart [FATAL] this is an emerg msg
2025-01-17 11:35:58,821 salesDepart [FATAL] this is a fatal msg
2025-01-17 11:35:58,821 salesDepart [ALERT] this is an alert msg
2025-01-17 11:35:58,821 salesDepart [CRIT] this is a crit msg
2025-01-17 11:35:58,821 salesDepart [ERROR] this is an error msg
2025-01-17 11:35:58,821 salesDepart [WARN] this is a warn msg
2025-01-17 11:35:58,821 salesDepart [FATAL] this is an emerg msg
2025-01-17 11:35:58,822 salesDepart [FATAL] this is a fatal msg
2025-01-17 11:35:58,822 salesDepart [ALERT] this is an alert msg
2025-01-17 11:35:58,822 salesDepart [CRIT] this is a crit msg
2025-01-17 11:35:58,822 salesDepart [ERROR] this is an error msg
2025-01-17 11:35:58,822 salesDepart [WARN] this is a warn msg
2025-01-17 11:35:58,822 salesDepart [FATAL] this is an emerg msg
2025-01-17 11:35:58,822 salesDepart [FATAL] this is a fatal msg
2025-01-17 11:35:58,822 salesDepart [ALERT] this is an alert msg
2025-01-17 11:35:58,822 salesDepart [CRIT] this is a crit msg
2025-01-17 11:35:58,822 salesDepart [ERROR] this is an error msg
2025-01-17 11:35:58,822 salesDepart [WARN] this is a warn msg
2025-01-17 11:35:58,823 salesDepart [FATAL] this is an emerg msg
2025-01-17 11:35:58,823 salesDepart [FATAL] this is a fatal msg
2025-01-17 11:35:58,823 salesDepart [ALERT] this is an alert msg
2025-01-17 11:35:58,823 salesDepart [CRIT] this is a crit msg
2025-01-17 11:35:58,824 salesDepart [ERROR] this is an error msg
2025-01-17 11:35:58,824 salesDepart [WARN] this is a warn msg
2025-01-17 11:35:58,824 salesDepart [FATAL] this is an emerg msg
2025-01-17 11:35:58,824 salesDepart [FATAL] this is a fatal msg
2025-01-17 11:35:58,824 salesDepart [ALERT] this is an alert msg
2025-01-17 11:35:58,824 salesDepart [CRIT] this is a crit msg
2025-01-17 11:35:58,825 salesDepart [ERROR] this is an error msg
2025-01-17 11:35:58,825 salesDepart [WARN] this is a warn msg
2025-01-17 11:35:58,825 salesDepart [FATAL] this is an emerg msg
2025-01-17 11:35:58,825 salesDepart [FATAL] this is a fatal msg
2025-01-17 11:35:58,825 salesDepart [ALERT] this is an alert msg
2025-01-17 11:35:58,825 salesDepart [CRIT] this is a crit msg
2025-01-17 11:35:58,825 salesDepart [ERROR] this is an error msg
2025-01-17 11:35:58,825 salesDepart [WARN] this is a warn msg
2025-01-17 11:35:58,825 salesDepart [FATAL] this is an emerg msg
2025-01-17 11:35:58,825 salesDepart [FATAL] this is a fatal msg
2025-01-17 11:35:58,825 salesDepart [ALERT] this is an alert msg
2025-01-17 11:35:58,825 salesDepart [CRIT] this is a crit msg
2025-01-17 11:35:58,826 salesDepart [ERROR] this is an error msg
2025-01-17 11:35:58,826 salesDepart [WARN] this is a warn msg
2025-01-17 11:35:58,826 salesDepart [FATAL] this is an emerg msg
2025-01-17 11:35:58,826 salesDepart [FATAL] this is a fatal msg
2025-01-17 11:35:58,826 salesDepart [ALERT] this is an alert msg
2025-01-17 11:35:58,826 salesDepart [CRIT] this is a crit msg
2025-01-17 11:35:58,827 salesDepart [ERROR] this is an error msg
2025-01-17 11:35:58,827 salesDepart [WARN] this is a warn msg
2025-01-17 11:35:58,827 salesDepart [FATAL] this is an emerg msg
2025-01-17 11:35:58,827 salesDepart [FATAL] this is a fatal msg
2025-01-17 11:35:58,827 salesDepart [ALERT] this is an alert msg
2025-01-17 11:35:58,827 salesDepart [CRIT] this is a crit msg
2025-01-17 11:35:58,827 salesDepart [ERROR] this is an error msg
2025-01-17 11:35:58,828 salesDepart [WARN] this is a warn msg
2025-01-17 11:35:58,828 salesDepart [FATAL] this is an emerg msg
2025-01-17 11:35:58,828 salesDepart [FATAL] this is a fatal msg
2025-01-17 11:35:58,828 salesDepart [ALERT] this is an alert msg
2025-01-17 11:35:58,828 salesDepart [CRIT] this is a crit msg
2025-01-17 11:35:58,828 salesDepart [ERROR] this is an error msg
2025-01-17 11:35:58,828 salesDepart [WARN] this is a warn msg
2025-01-17 11:35:58,828 salesDepart [FATAL] this is an emerg msg
2025-01-17 11:35:58,828 salesDepart [FATAL] this is a fatal msg
2025-01-17 11:35:58,828 salesDepart [ALERT] this is an alert msg
2025-01-17 11:35:58,828 salesDepart [CRIT] this is a crit msg
2025-01-17 11:35:58,828 salesDepart [ERROR] this is an error msg
2025-01-17 11:35:58,828 salesDepart [WARN] this is a warn msg
2025-01-17 11:35:58,828 salesDepart [FATAL] this is an emerg msg
2025-01-17 11:35:58,828 salesDepart [FATAL] this is a fatal msg
2025-01-17 11:35:58,828 salesDepart [ALERT] this is an alert msg
2025-01-17 11:35:58,828 salesDepart [CRIT] this is a crit msg
2025-01-17 11:35:58,828 salesDepart [ERROR] this is an error msg
2025-01-17 11:35:58,828 salesDepart [WARN] this is a warn msg
2025-01-17 11:35:58,828 salesDepart [FATAL] this is an emerg msg
2025-01-17 11:35:58,828 salesDepart [FATAL] this is a fatal msg
2025-01-17 11:35:58,828 salesDepart [ALERT] this is an alert msg
2025-01-17 11:35:58,828 salesDepart [CRIT] this is a crit msg
2025-01-17 11:35:58,828 salesDepart [ERROR] this is an error msg
2025-01-17 11:35:58,828 salesDepart [WARN] this is a warn msg
2025-01-17 11:35:58,828 salesDepart [FATAL] this is an emerg msg
2025-01-17 11:35:58,828 salesDepart [FATAL] this is a fatal msg
2025-01-17 11:35:58,828 salesDepart [ALERT] this is an alert msg
2025-01-17 11:35:58,828 salesDepart [CRIT] this is a crit msg
2025-01-17 11:35:58,828 salesDepart [ERROR] this is an error msg
2025-01-17 11:35:58,828 salesDepart [WARN] this is a warn msg
2025-01-17 11:35:58,828 salesDepart [FATAL] this is an emerg msg
2025-01-17 11:35:58,828 salesDepart [FATAL] this is a fatal msg
2025-01-17 11:35:58,828 salesDepart [ALERT] this is an alert msg
2025-01-17 11:35:58,829 salesDepart [CRIT] this is a crit msg
2025-01-17 11:35:58,829 salesDepart [ERROR] this is an error msg
2025-01-17 11:35:58,829 salesDepart [WARN] this is a warn msg
2025-01-17 11:35:58,829 salesDepart [FATAL] this is an emerg msg
2025-01-17 11:35:58,829 salesDepart [FATAL] this is a fatal msg
2025-01-17 11:35:58,829 salesDepart [ALERT] this is an alert msg
2025-01-17 11:35:58,829 salesDepart [CRIT] this is a crit msg
2025-01-17 11:35:58,829 salesDepart [ERROR] this is an error msg
2025-01-17 11:35:58,829 salesDepart [WARN] this is a warn msg
2025-01-17 11:35:58,829 salesDepart [FATAL] this is an emerg msg
2025-01-17 11:35:58,829 salesDepart [FATAL] this is a fatal msg
2025-01-17 11:35:58,829 salesDepart [ALERT] this is an alert msg
2025-01-17 11:35:58,829 salesDepart [CRIT] this is a crit msg
2025-01-17 11:35:58,829 salesDepart [ERROR] this is an error msg
2025-01-17 11:35:58,829 salesDepart [WARN] this is a warn msg
2025-01-17 11:35:58,829 salesDepart [FATAL] this is an emerg msg
2025-01-17 11:35:58,829 salesDepart [FATAL] this is a fatal msg
2025-01-17 11:35:58,829 salesDepart [ALERT] this is an alert msg
2025-01-17 11:35:58,829 salesDepart [CRIT] this is a crit msg
2025-01-17 11:35:58,829 salesDepart [ERROR] this is an error msg
2025-01-17 11:35:58,829 salesDepart [WARN] this is a warn msg
2025-01-17 11:35:58,829 salesDepart [FATAL] this is an emerg msg
2025-01-17 11:35:58,829 salesDepart [FATAL] this is a fatal msg
2025-01-17 11:35:58,829 salesDepart [ALERT] this is an alert msg
2025-01-17 11:35:58,829 salesDepart [CRIT] this is a crit msg
2025-01-17 11:35:58,829 salesDepart [ERROR] this is an error msg
2025-01-17 11:35:58,829 salesDepart [WARN] this is a warn msg
2025-01-17 11:35:58,829 salesDepart [FATAL] this is an emerg msg
2025-01-17 11:35:58,829 salesDepart [FATAL] this is a fatal msg
2025-01-17 11:35:58,829 salesDepart [ALERT] this is an alert msg
2025-01-17 11:35:58,829 salesDepart [CRIT] this is a crit msg
2025-01-17 11:35:58,829 salesDepart [ERROR] this is an error msg
2025-01-17 11:35:58,829 salesDepart [WARN] this is a warn msg
2025-01-17 11:35:58,830 salesDepart [FATAL] this is an emerg msg
2025-01-17 11:35:58,830 salesDepart [FATAL] this is a fatal msg
2025-01-17 11:35:58,830 salesDepart [ALERT] this is an alert msg
2025-01-17 11:35:58,830 salesDepart [CRIT] this is a crit msg
2025-01-17 11:35:58,830 salesDepart [ERROR] this is an error msg
2025-01-17 11:35:58,830 salesDepart [WARN] this is a warn msg
2025-01-17 11:35:58,830 salesDepart [FATAL] this is an emerg msg
2025-01-17 11:35:58,830 salesDepart [FATAL] this is a fatal msg
2025-01-17 11:35:58,830 salesDepart [ALERT] this is an alert msg
2025-01-17 11:35:58,830 salesDepart [CRIT] this is a crit msg
2025-01-17 11:35:58,830 salesDepart [ERROR] this is an error msg
2025-01-17 11:35:58,830 salesDepart [WARN] this is a warn msg
2025-01-17 11:35:58,830 salesDepart [FATAL] this is an emerg msg
2025-01-17 11:35:58,830 salesDepart [FATAL] this is a fatal msg
2025-01-17 11:35:58,830 salesDepart [ALERT] this is an alert msg
2025-01-17 11:35:58,831 salesDepart [CRIT] this is a crit msg
2025-01-17 11:35:58,831 salesDepart [ERROR] this is an error msg
2025-01-17 11:35:58,831 salesDepart [WARN] this is a warn msg
2025-01-17 11:35:58,831 salesDepart [FATAL] this is an emerg msg
2025-01-17 11:35:58,831 salesDepart [FATAL] this is a fatal msg
2025-01-17 11:35:58,831 salesDepart [ALERT] this is an alert msg
2025-01-17 11:35:58,831 salesDepart [CRIT] this is a crit msg
2025-01-17 11:35:58,832 salesDepart [ERROR] this is an error msg
2025-01-17 11:35:58,832 salesDepart [WARN] this is a warn msg
2025-01-17 11:35:58,833 salesDepart [FATAL] this is an emerg msg
2025-01-17 11:35:58,833 salesDepart [FATAL] this is a fatal msg
2025-01-17 11:35:58,833 salesDepart [ALERT] this is an alert msg
2025-01-17 11:35:58,833 salesDepart [CRIT] this is a crit msg
2025-01-17 11:35:58,833 salesDepart [ERROR] this is an error msg
2025-01-17 11:35:58,833 salesDepart [WARN] this is a warn msg
2025-01-17 11:35:58,833 salesDepart [FATAL] this is an emerg msg
2025-01-17 11:35:58,833 salesDepart [FATAL] this is a fatal msg
2025-01-17 11:35:58,833 salesDepart [ALERT] this is an alert msg
2025-01-17 11:35:58,833 salesDepart [CRIT] this is a crit msg
2025-01-17 11:35:58,833 salesDepart [ERROR] this is an error msg
2025-01-17 11:35:58,833 salesDepart [WARN] this is a warn msg
2025-01-17 11:35:58,833 salesDepart [FATAL] this is an emerg msg
2025-01-17 11:35:58,833 salesDepart [FATAL] this is a fatal msg
2025-01-17 11:35:58,833 salesDepart [ALERT] this is an alert msg
2025-01-17 11:35:58,833 salesDepart [CRIT] this is a crit msg
2025-01-17 11:35:58,833 salesDepart [ERROR] this is an error msg
2025-01-17 11:35:58,833 salesDepart [WARN] this is a warn msg
2025-01-17 11:35:58,833 salesDepart [FATAL] this is an emerg msg
2025-01-17 11:35:58,833 salesDepart [FATAL] this is a fatal msg
2025-01-17 11:35:58,833 salesDepart [ALERT] this is an alert msg
2025-01-17 11:35:58,833 salesDepart [CRIT] this is a crit msg
2025-01-17 11:35:58,833 salesDepart [ERROR] this is an error msg
2025-01-17 11:35:58,833 salesDepart [WARN] this is a warn msg
2025-01-17 11:35:58,834 salesDepart [FATAL] this is an emerg msg
2025-01-17 11:35:58,834 salesDepart [FATAL] this is a fatal msg
2025-01-17 11:35:58,834 salesDepart [ALERT] this is an alert msg
2025-01-17 11:35:58,834 salesDepart [CRIT] this is a crit msg
2025-01-17 11:35:58,834 salesDepart [ERROR] this is an error msg
2025-01-17 11:35:58,834 salesDepart [WARN] this is a warn msg
2025-01-17 11:35:58,834 salesDepart [FATAL] this is an emerg msg
2025-01-17 11:35:58,834 salesDepart [FATAL] this is a fatal msg
2025-01-17 11:35:58,834 salesDepart [ALERT] this is an alert msg
2025-01-17 11:35:58,834 salesDepart [CRIT] this is a crit msg
2025-01-17 11:35:58,834 salesDepart [ERROR] this is an error msg
2025-01-17 11:35:58,834 salesDepart [WARN] this is a warn msg
2025-01-17 11:35:58,834 salesDepart [FATAL] this is an emerg msg
2025-01-17 11:35:58,834 salesDepart [FATAL] this is a fatal msg
2025-01-17 11:35:58,834 salesDepart [ALERT] this is an alert msg
2025-01-17 11:35:58,834 salesDepart [CRIT] this is a crit msg
2025-01-17 11:35:58,834 salesDepart [ERROR] this is an error msg
2025-01-17 11:35:58,834 salesDepart [WARN] this is a warn msg
2025-01-17 11:35:58,834 salesDepart [FATAL] this is an emerg msg
2025-01-17 11:35:58,834 salesDepart [FATAL] this is a fatal msg
2025-01-17 11:35:58,835 salesDepart [ALERT] this is an alert msg
2025-01-17 11:35:58,835 salesDepart [CRIT] this is a crit msg
2025-01-17 11:35:58,835 salesDepart [ERROR] this is an error msg
2025-01-17 11:35:58,835 salesDepart [WARN] this is a warn msg
2025-01-17 11:35:58,835 salesDepart [FATAL] this is an emerg msg
2025-01-17 11:35:58,835 salesDepart [FATAL] this is a fatal msg
2025-01-17 11:35:58,836 salesDepart [ALERT] this is an alert msg
2025-01-17 11:35:58,836 salesDepart [CRIT] this is a crit msg
2025-01-17 11:35:58,837 salesDepart [ERROR] this is an error msg
2025-01-17 11:35:58,837 salesDepart [WARN] this is a warn msg
2025-01-17 11:35:58,837 salesDepart [FATAL] this is an emerg msg
2025-01-17 11:35:58,837 salesDepart [FATAL] this is a fatal msg
2025-01-17 11:35:58,837 salesDepart [ALERT] this is an alert msg
2025-01-17 11:35:58,837 salesDepart [CRIT] this is a crit msg
2025-01-17 11:35:58,838 salesDepart [ERROR] this is an error msg
2025-01-17 11:35:58,838 salesDepart [WARN] this is a warn msg
2025-01-17 11:35:58,838 salesDepart [FATAL] this is an emerg msg
2025-01-17 11:35:58,838 salesDepart [FATAL] this is a fatal msg
2025-01-17 11:35:58,838 salesDepart [ALERT] this is an alert msg
2025-01-17 11:35:58,838 salesDepart [CRIT] this is a crit msg
2025-01-17 11:35:58,838 salesDepart [ERROR] this is an error msg
2025-01-17 11:35:58,839 salesDepart [WARN] this is a warn msg
2025-01-17 11:35:58,839 salesDepart [FATAL] this is an emerg msg
2025-01-17 11:35:58,839 salesDepart [FATAL] this is a fatal msg
2025-01-17 11:35:58,839 salesDepart [ALERT] this is an alert msg
2025-01-17 11:35:58,839 salesDepart [CRIT] this is a crit msg
2025-01-17 11:35:58,839 salesDepart [ERROR] this is an error msg
2025-01-17 11:35:58,839 salesDepart [WARN] this is a warn msg
2025-01-17 11:35:58,839 salesDepart [FATAL] this is an emerg msg
2025-01-17 11:35:58,839 salesDepart [FATAL] this is a fatal msg
2025-01-17 11:35:58,839 salesDepart [ALERT] this is an alert msg
2025-01-17 11:35:58,839 salesDepart [CRIT] this is a crit msg
2025-01-17 11:35:58,839 salesDepart [ERROR] this is an error msg
2025-01-17 11:35:58,839 salesDepart [WARN] this is a warn msg
2025-01-17 11:35:58,839 salesDepart [FATAL] this is an emerg msg
2025-01-17 11:35:58,840 salesDepart [FATAL] this is a fatal msg
2025-01-17 11:35:58,840 salesDepart [ALERT] this is an alert msg
2025-01-17 11:35:58,840 salesDepart [CRIT] this is a crit msg
2025-01-17 11:35:58,840 salesDepart [ERROR] this is an error msg
2025-01-17 11:35:58,840 salesDepart [WARN] this is a warn msg
2025-01-17 11:35:58,840 salesDepart [FATAL] this is an emerg msg
2025-01-17 11:35:58,840 salesDepart [FATAL] this is a fatal msg
2025-01-17 11:35:58,840 salesDepart [ALERT] this is an alert msg
2025-01-17 11:35:58,840 salesDepart [CRIT] this is a crit msg
2025-01-17 11:35:58,840 salesDepart [ERROR] this is an error msg
2025-01-17 11:35:58,840 salesDepart [WARN] this is a warn msg
2025-01-17 11:35:58,840 salesDepart [FATAL] this is an emerg msg
2025-01-17 11:35:58,841 salesDepart [FATAL] this is a fatal msg
2025-01-17 11:35:58,841 salesDepart [ALERT] this is an alert msg
2025-01-17 11:35:58,841 salesDepart [CRIT] this is a crit msg
2025-01-17 11:35:58,841 salesDepart [ERROR] this is an error msg
2025-01-17 11:35:58,841 salesDepart [WARN] this is a warn msg
2025-01-17 11:35:58,841 salesDepart [FATAL] this is an emerg msg
2025-01-17 11:35:58,841 salesDepart [FATAL] this is a fatal msg
2025-01-17 11:35:58,841 salesDepart [ALERT] this is an alert msg
2025-01-17 11:35:58,841 salesDepart [CRIT] this is a crit msg
2025-01-17 11:35:58,841 salesDepart [ERROR] this is an error msg
2025-01-17 11:35:58,841 salesDepart [WARN] this is a warn msg
2025-01-17 11:35:58,841 salesDepart [FATAL] this is an emerg msg
2025-01-17 11:35:58,841 salesDepart [FATAL] this is a fatal msg
2025-01-17 11:35:58,841 salesDepart [ALERT] this is an alert msg
2025-01-17 11:35:58,841 salesDepart [CRIT] this is a crit msg
2025-01-17 11:35:58,841 salesDepart [ERROR] this is an error msg
2025-01-17 11:35:58,841 salesDepart [WARN] this is a warn msg
2025-01-17 11:35:58,841 salesDepart [FATAL] this is an emerg msg
2025-01-17 11:35:58,842 salesDepart [FATAL] this is a fatal msg
2025-01-17 11:35:58,842 salesDepart [ALERT] this is an alert msg
2025-01-17 11:35:58,842 salesDepart [CRIT] this is a crit msg
2025-01-17 11:35:58,842 salesDepart [ERROR] this is an error msg
2025-01-17 11:35:58,843 salesDepart [WARN] this is a warn msg
2025-01-17 11:35:58,843 salesDepart [FATAL] this is an emerg msg
2025-01-17 11:35:58,843 salesDepart [FATAL] this is a fatal msg
2025-01-17 11:35:58,843 salesDepart [ALERT] this is an alert msg
2025-01-17 11:35:58,843 salesDepart [CRIT] this is a crit msg
2025-01-17 11:35:58,843 salesDepart [ERROR] this is an error msg
2025-01-17 11:35:58,843 salesDepart [WARN] this is a warn msg
2025-01-17 11:35:58,843 salesDepart [FATAL] this is an emerg msg
2025-01-17 11:35:58,843 salesDepart [FATAL] this is a fatal msg
2025-01-17 11:35:58,843 salesDepart [ALERT] this is an alert msg
2025-01-17 11:35:58,844 salesDepart [CRIT] this is a crit msg
2025-01-17 11:35:58,844 salesDepart [ERROR] this is an error msg
2025-01-17 11:35:58,844 salesDepart [WARN] this is a warn msg
2025-01-17 11:35:58,844 salesDepart [FATAL] this is an emerg msg
2025-01-17 11:35:58,844 salesDepart [FATAL] this is a fatal msg
2025-01-17 11:35:58,844 salesDepart [ALERT] this is an alert msg
2025-01-17 11:35:58,844 salesDepart [CRIT] this is a crit msg
2025-01-17 11:35:58,844 salesDepart [ERROR] this is an error msg
2025-01-17 11:35:58,844 salesDepart [WARN] this is a warn msg
2025-01-17 11:35:58,844 salesDepart [FATAL] this is an emerg msg
2025-01-17 11:35:58,844 salesDepart [FATAL] this is a fatal msg
2025-01-17 11:35:58,844 salesDepart [ALERT] this is an alert msg
2025-01-17 11:35:58,844 salesDepart [CRIT] this is a crit msg
2025-01-17 11:35:58,844 salesDepart [ERROR] this is an error msg
2025-01-17 11:35:58,844 salesDepart [WARN] this is a warn msg
