2024-07-23 23:23:27,564 test [FATAL] this is an emerg msg
2024-07-23 23:23:27,564 test [FATAL] this is a fatal msg
2024-07-23 23:23:27,564 test [ALERT] this is an alert msg
2024-07-23 23:23:27,564 test [CRIT] this is a crit msg
2024-07-23 23:23:27,564 test [ERROR] this is an error msg
2024-07-23 23:23:27,564 test [WARN] this is a warn msg
2024-07-23 23:23:27,564 test [FATAL] this is an emerg msg
2024-07-23 23:23:27,564 test [FATAL] this is a fatal msg
2024-07-23 23:23:27,564 test [ALERT] this is an alert msg
2024-07-23 23:23:27,564 test [CRIT] this is a crit msg
2024-07-23 23:23:27,565 test [ERROR] this is an error msg
2024-07-23 23:23:27,565 test [WARN] this is a warn msg
2024-07-23 23:23:27,565 test [FATAL] this is an emerg msg
2024-07-23 23:23:27,565 test [FATAL] this is a fatal msg
2024-07-23 23:23:27,565 test [ALERT] this is an alert msg
2024-07-23 23:23:27,565 test [CRIT] this is a crit msg
2024-07-23 23:23:27,565 test [ERROR] this is an error msg
2024-07-23 23:23:27,565 test [WARN] this is a warn msg
2024-07-23 23:23:27,565 test [FATAL] this is an emerg msg
2024-07-23 23:23:27,565 test [FATAL] this is a fatal msg
2024-07-23 23:23:27,565 test [ALERT] this is an alert msg
2024-07-23 23:23:27,565 test [CRIT] this is a crit msg
2024-07-23 23:23:27,565 test [ERROR] this is an error msg
2024-07-23 23:23:27,565 test [WARN] this is a warn msg
2024-07-23 23:23:27,565 test [FATAL] this is an emerg msg
2024-07-23 23:23:27,565 test [FATAL] this is a fatal msg
2024-07-23 23:23:27,565 test [ALERT] this is an alert msg
2024-07-23 23:23:27,565 test [CRIT] this is a crit msg
2024-07-23 23:23:27,565 test [ERROR] this is an error msg
2024-07-23 23:23:27,565 test [WARN] this is a warn msg
2024-07-23 23:23:27,565 test [FATAL] this is an emerg msg
2024-07-23 23:23:27,565 test [FATAL] this is a fatal msg
2024-07-23 23:23:27,565 test [ALERT] this is an alert msg
2024-07-23 23:23:27,565 test [CRIT] this is a crit msg
2024-07-23 23:23:27,565 test [ERROR] this is an error msg
2024-07-23 23:23:27,565 test [WARN] this is a warn msg
2024-07-23 23:23:27,565 test [FATAL] this is an emerg msg
2024-07-23 23:23:27,565 test [FATAL] this is a fatal msg
2024-07-23 23:23:27,565 test [ALERT] this is an alert msg
2024-07-23 23:23:27,565 test [CRIT] this is a crit msg
2024-07-23 23:23:27,565 test [ERROR] this is an error msg
2024-07-23 23:23:27,565 test [WARN] this is a warn msg
2024-07-23 23:23:27,565 test [FATAL] this is an emerg msg
2024-07-23 23:23:27,565 test [FATAL] this is a fatal msg
2024-07-23 23:23:27,565 test [ALERT] this is an alert msg
2024-07-23 23:23:27,565 test [CRIT] this is a crit msg
2024-07-23 23:23:27,565 test [ERROR] this is an error msg
2024-07-23 23:23:27,565 test [WARN] this is a warn msg
2024-07-23 23:23:27,565 test [FATAL] this is an emerg msg
2024-07-23 23:23:27,565 test [FATAL] this is a fatal msg
2024-07-23 23:23:27,565 test [ALERT] this is an alert msg
2024-07-23 23:23:27,565 test [CRIT] this is a crit msg
2024-07-23 23:23:27,565 test [ERROR] this is an error msg
2024-07-23 23:23:27,565 test [WARN] this is a warn msg
2024-07-23 23:23:27,565 test [FATAL] this is an emerg msg
2024-07-23 23:23:27,565 test [FATAL] this is a fatal msg
2024-07-23 23:23:27,565 test [ALERT] this is an alert msg
2024-07-23 23:23:27,565 test [CRIT] this is a crit msg
2024-07-23 23:23:27,565 test [ERROR] this is an error msg
2024-07-23 23:23:27,565 test [WARN] this is a warn msg
2024-07-23 23:23:27,565 test [FATAL] this is an emerg msg
2024-07-23 23:23:27,566 test [FATAL] this is a fatal msg
2024-07-23 23:23:27,566 test [ALERT] this is an alert msg
2024-07-23 23:23:27,566 test [CRIT] this is a crit msg
2024-07-23 23:23:27,566 test [ERROR] this is an error msg
2024-07-23 23:23:27,566 test [WARN] this is a warn msg
2024-07-23 23:23:27,566 test [FATAL] this is an emerg msg
2024-07-23 23:23:27,566 test [FATAL] this is a fatal msg
2024-07-23 23:23:27,566 test [ALERT] this is an alert msg
2024-07-23 23:23:27,566 test [CRIT] this is a crit msg
2024-07-23 23:23:27,566 test [ERROR] this is an error msg
2024-07-23 23:23:27,566 test [WARN] this is a warn msg
2024-07-23 23:23:27,566 test [FATAL] this is an emerg msg
2024-07-23 23:23:27,566 test [FATAL] this is a fatal msg
2024-07-23 23:23:27,566 test [ALERT] this is an alert msg
2024-07-23 23:23:27,566 test [CRIT] this is a crit msg
2024-07-23 23:23:27,566 test [ERROR] this is an error msg
2024-07-23 23:23:27,566 test [WARN] this is a warn msg
2024-07-23 23:23:27,566 test [FATAL] this is an emerg msg
2024-07-23 23:23:27,566 test [FATAL] this is a fatal msg
2024-07-23 23:23:27,566 test [ALERT] this is an alert msg
2024-07-23 23:23:27,566 test [CRIT] this is a crit msg
2024-07-23 23:23:27,566 test [ERROR] this is an error msg
2024-07-23 23:23:27,566 test [WARN] this is a warn msg
2024-07-23 23:23:27,566 test [FATAL] this is an emerg msg
2024-07-23 23:23:27,566 test [FATAL] this is a fatal msg
2024-07-23 23:23:27,566 test [ALERT] this is an alert msg
2024-07-23 23:23:27,566 test [CRIT] this is a crit msg
2024-07-23 23:23:27,566 test [ERROR] this is an error msg
2024-07-23 23:23:27,566 test [WARN] this is a warn msg
2024-07-23 23:23:27,566 test [FATAL] this is an emerg msg
2024-07-23 23:23:27,566 test [FATAL] this is a fatal msg
2024-07-23 23:23:27,566 test [ALERT] this is an alert msg
2024-07-23 23:23:27,566 test [CRIT] this is a crit msg
2024-07-23 23:23:27,566 test [ERROR] this is an error msg
2024-07-23 23:23:27,566 test [WARN] this is a warn msg
2024-07-23 23:23:27,566 test [FATAL] this is an emerg msg
2024-07-23 23:23:27,566 test [FATAL] this is a fatal msg
2024-07-23 23:23:27,566 test [ALERT] this is an alert msg
2024-07-23 23:23:27,566 test [CRIT] this is a crit msg
2024-07-23 23:23:27,566 test [ERROR] this is an error msg
2024-07-23 23:23:27,567 test [WARN] this is a warn msg
2024-07-23 23:23:27,567 test [FATAL] this is an emerg msg
2024-07-23 23:23:27,567 test [FATAL] this is a fatal msg
2024-07-23 23:23:27,567 test [ALERT] this is an alert msg
2024-07-23 23:23:27,567 test [CRIT] this is a crit msg
2024-07-23 23:23:27,567 test [ERROR] this is an error msg
2024-07-23 23:23:27,567 test [WARN] this is a warn msg
2024-07-23 23:23:27,567 test [FATAL] this is an emerg msg
2024-07-23 23:23:27,567 test [FATAL] this is a fatal msg
2024-07-23 23:23:27,567 test [ALERT] this is an alert msg
2024-07-23 23:23:27,567 test [CRIT] this is a crit msg
2024-07-23 23:23:27,567 test [ERROR] this is an error msg
2024-07-23 23:23:27,567 test [WARN] this is a warn msg
2024-07-23 23:23:27,567 test [FATAL] this is an emerg msg
2024-07-23 23:23:27,567 test [FATAL] this is a fatal msg
2024-07-23 23:23:27,567 test [ALERT] this is an alert msg
2024-07-23 23:23:27,567 test [CRIT] this is a crit msg
2024-07-23 23:23:27,567 test [ERROR] this is an error msg
2024-07-23 23:23:27,567 test [WARN] this is a warn msg
2024-07-23 23:23:27,567 test [FATAL] this is an emerg msg
2024-07-23 23:23:27,567 test [FATAL] this is a fatal msg
2024-07-23 23:23:27,567 test [ALERT] this is an alert msg
2024-07-23 23:23:27,567 test [CRIT] this is a crit msg
2024-07-23 23:23:27,567 test [ERROR] this is an error msg
2024-07-23 23:23:27,567 test [WARN] this is a warn msg
2024-07-23 23:23:27,567 test [FATAL] this is an emerg msg
2024-07-23 23:23:27,567 test [FATAL] this is a fatal msg
2024-07-23 23:23:27,567 test [ALERT] this is an alert msg
2024-07-23 23:23:27,567 test [CRIT] this is a crit msg
2024-07-23 23:23:27,567 test [ERROR] this is an error msg
2024-07-23 23:23:27,567 test [WARN] this is a warn msg
2024-07-23 23:23:27,567 test [FATAL] this is an emerg msg
2024-07-23 23:23:27,567 test [FATAL] this is a fatal msg
2024-07-23 23:23:27,567 test [ALERT] this is an alert msg
2024-07-23 23:23:27,567 test [CRIT] this is a crit msg
2024-07-23 23:23:27,567 test [ERROR] this is an error msg
2024-07-23 23:23:27,567 test [WARN] this is a warn msg
2024-07-23 23:23:27,567 test [FATAL] this is an emerg msg
2024-07-23 23:23:27,567 test [FATAL] this is a fatal msg
2024-07-23 23:23:27,567 test [ALERT] this is an alert msg
2024-07-23 23:23:27,567 test [CRIT] this is a crit msg
2024-07-23 23:23:27,567 test [ERROR] this is an error msg
2024-07-23 23:23:27,567 test [WARN] this is a warn msg
2024-07-23 23:23:27,567 test [FATAL] this is an emerg msg
2024-07-23 23:23:27,567 test [FATAL] this is a fatal msg
2024-07-23 23:23:27,567 test [ALERT] this is an alert msg
2024-07-23 23:23:27,567 test [CRIT] this is a crit msg
2024-07-23 23:23:27,567 test [ERROR] this is an error msg
2024-07-23 23:23:27,567 test [WARN] this is a warn msg
2024-07-23 23:23:27,567 test [FATAL] this is an emerg msg
2024-07-23 23:23:27,568 test [FATAL] this is a fatal msg
2024-07-23 23:23:27,568 test [ALERT] this is an alert msg
2024-07-23 23:23:27,568 test [CRIT] this is a crit msg
2024-07-23 23:23:27,568 test [ERROR] this is an error msg
2024-07-23 23:23:27,568 test [WARN] this is a warn msg
2024-07-23 23:23:27,568 test [FATAL] this is an emerg msg
2024-07-23 23:23:27,568 test [FATAL] this is a fatal msg
2024-07-23 23:23:27,568 test [ALERT] this is an alert msg
2024-07-23 23:23:27,568 test [CRIT] this is a crit msg
2024-07-23 23:23:27,568 test [ERROR] this is an error msg
2024-07-23 23:23:27,568 test [WARN] this is a warn msg
2024-07-23 23:23:27,568 test [FATAL] this is an emerg msg
2024-07-23 23:23:27,568 test [FATAL] this is a fatal msg
2024-07-23 23:23:27,568 test [ALERT] this is an alert msg
2024-07-23 23:23:27,568 test [CRIT] this is a crit msg
2024-07-23 23:23:27,568 test [ERROR] this is an error msg
2024-07-23 23:23:27,568 test [WARN] this is a warn msg
2024-07-23 23:23:27,568 test [FATAL] this is an emerg msg
2024-07-23 23:23:27,568 test [FATAL] this is a fatal msg
2024-07-23 23:23:27,568 test [ALERT] this is an alert msg
2024-07-23 23:23:27,568 test [CRIT] this is a crit msg
2024-07-23 23:23:27,568 test [ERROR] this is an error msg
2024-07-23 23:23:27,568 test [WARN] this is a warn msg
2024-07-23 23:23:27,568 test [FATAL] this is an emerg msg
2024-07-23 23:23:27,568 test [FATAL] this is a fatal msg
2024-07-23 23:23:27,568 test [ALERT] this is an alert msg
2024-07-23 23:23:27,568 test [CRIT] this is a crit msg
2024-07-23 23:23:27,568 test [ERROR] this is an error msg
2024-07-23 23:23:27,568 test [WARN] this is a warn msg
2024-07-23 23:23:27,568 test [FATAL] this is an emerg msg
2024-07-23 23:23:27,568 test [FATAL] this is a fatal msg
2024-07-23 23:23:27,568 test [ALERT] this is an alert msg
2024-07-23 23:23:27,568 test [CRIT] this is a crit msg
2024-07-23 23:23:27,568 test [ERROR] this is an error msg
2024-07-23 23:23:27,568 test [WARN] this is a warn msg
2024-07-23 23:23:27,568 test [FATAL] this is an emerg msg
2024-07-23 23:23:27,568 test [FATAL] this is a fatal msg
2024-07-23 23:23:27,568 test [ALERT] this is an alert msg
2024-07-23 23:23:27,568 test [CRIT] this is a crit msg
2024-07-23 23:23:27,568 test [ERROR] this is an error msg
2024-07-23 23:23:27,568 test [WARN] this is a warn msg
2024-07-23 23:23:27,568 test [FATAL] this is an emerg msg
2024-07-23 23:23:27,568 test [FATAL] this is a fatal msg
2024-07-23 23:23:27,568 test [ALERT] this is an alert msg
2024-07-23 23:23:27,568 test [CRIT] this is a crit msg
2024-07-23 23:23:27,568 test [ERROR] this is an error msg
2024-07-23 23:23:27,568 test [WARN] this is a warn msg
2024-07-23 23:23:27,568 test [FATAL] this is an emerg msg
2024-07-23 23:23:27,568 test [FATAL] this is a fatal msg
2024-07-23 23:23:27,569 test [ALERT] this is an alert msg
2024-07-23 23:23:27,569 test [CRIT] this is a crit msg
2024-07-23 23:23:27,569 test [ERROR] this is an error msg
2024-07-23 23:23:27,569 test [WARN] this is a warn msg
2024-07-23 23:23:27,569 test [FATAL] this is an emerg msg
2024-07-23 23:23:27,569 test [FATAL] this is a fatal msg
2024-07-23 23:23:27,569 test [ALERT] this is an alert msg
2024-07-23 23:23:27,569 test [CRIT] this is a crit msg
2024-07-23 23:23:27,569 test [ERROR] this is an error msg
2024-07-23 23:23:27,569 test [WARN] this is a warn msg
2024-07-23 23:23:27,569 test [FATAL] this is an emerg msg
2024-07-23 23:23:27,569 test [FATAL] this is a fatal msg
2024-07-23 23:23:27,569 test [ALERT] this is an alert msg
2024-07-23 23:23:27,569 test [CRIT] this is a crit msg
2024-07-23 23:23:27,569 test [ERROR] this is an error msg
2024-07-23 23:23:27,569 test [WARN] this is a warn msg
2024-07-23 23:23:27,569 test [FATAL] this is an emerg msg
2024-07-23 23:23:27,569 test [FATAL] this is a fatal msg
2024-07-23 23:23:27,569 test [ALERT] this is an alert msg
2024-07-23 23:23:27,569 test [CRIT] this is a crit msg
2024-07-23 23:23:27,569 test [ERROR] this is an error msg
2024-07-23 23:23:27,569 test [WARN] this is a warn msg
2024-07-23 23:23:27,569 test [FATAL] this is an emerg msg
2024-07-23 23:23:27,569 test [FATAL] this is a fatal msg
2024-07-23 23:23:27,569 test [ALERT] this is an alert msg
2024-07-23 23:23:27,569 test [CRIT] this is a crit msg
2024-07-23 23:23:27,569 test [ERROR] this is an error msg
2024-07-23 23:23:27,569 test [WARN] this is a warn msg
2024-07-23 23:23:27,569 test [FATAL] this is an emerg msg
2024-07-23 23:23:27,569 test [FATAL] this is a fatal msg
2024-07-23 23:23:27,569 test [ALERT] this is an alert msg
2024-07-23 23:23:27,569 test [CRIT] this is a crit msg
2024-07-23 23:23:27,569 test [ERROR] this is an error msg
2024-07-23 23:23:27,569 test [WARN] this is a warn msg
2024-07-23 23:23:27,569 test [FATAL] this is an emerg msg
2024-07-23 23:23:27,569 test [FATAL] this is a fatal msg
2024-07-23 23:23:27,569 test [ALERT] this is an alert msg
2024-07-23 23:23:27,569 test [CRIT] this is a crit msg
2024-07-23 23:23:27,569 test [ERROR] this is an error msg
2024-07-23 23:23:27,569 test [WARN] this is a warn msg
2024-07-23 23:23:27,569 test [FATAL] this is an emerg msg
2024-07-23 23:23:27,569 test [FATAL] this is a fatal msg
2024-07-23 23:23:27,569 test [ALERT] this is an alert msg
2024-07-23 23:23:27,569 test [CRIT] this is a crit msg
2024-07-23 23:23:27,569 test [ERROR] this is an error msg
2024-07-23 23:23:27,569 test [WARN] this is a warn msg
2024-07-23 23:23:27,569 test [FATAL] this is an emerg msg
2024-07-23 23:23:27,569 test [FATAL] this is a fatal msg
2024-07-23 23:23:27,569 test [ALERT] this is an alert msg
2024-07-23 23:23:27,569 test [CRIT] this is a crit msg
2024-07-23 23:23:27,570 test [ERROR] this is an error msg
2024-07-23 23:23:27,570 test [WARN] this is a warn msg
2024-07-23 23:23:27,570 test [FATAL] this is an emerg msg
2024-07-23 23:23:27,570 test [FATAL] this is a fatal msg
2024-07-23 23:23:27,570 test [ALERT] this is an alert msg
2024-07-23 23:23:27,570 test [CRIT] this is a crit msg
2024-07-23 23:23:27,570 test [ERROR] this is an error msg
2024-07-23 23:23:27,570 test [WARN] this is a warn msg
2024-07-23 23:23:27,570 test [FATAL] this is an emerg msg
2024-07-23 23:23:27,570 test [FATAL] this is a fatal msg
2024-07-23 23:23:27,570 test [ALERT] this is an alert msg
2024-07-23 23:23:27,570 test [CRIT] this is a crit msg
2024-07-23 23:23:27,570 test [ERROR] this is an error msg
2024-07-23 23:23:27,570 test [WARN] this is a warn msg
2024-07-23 23:23:27,570 test [FATAL] this is an emerg msg
2024-07-23 23:23:27,570 test [FATAL] this is a fatal msg
2024-07-23 23:23:27,570 test [ALERT] this is an alert msg
2024-07-23 23:23:27,570 test [CRIT] this is a crit msg
2024-07-23 23:23:27,570 test [ERROR] this is an error msg
2024-07-23 23:23:27,570 test [WARN] this is a warn msg
2024-07-23 23:23:27,570 test [FATAL] this is an emerg msg
2024-07-23 23:23:27,570 test [FATAL] this is a fatal msg
2024-07-23 23:23:27,570 test [ALERT] this is an alert msg
2024-07-23 23:23:27,570 test [CRIT] this is a crit msg
2024-07-23 23:23:27,570 test [ERROR] this is an error msg
2024-07-23 23:23:27,570 test [WARN] this is a warn msg
2024-07-23 23:23:27,570 test [FATAL] this is an emerg msg
2024-07-23 23:23:27,570 test [FATAL] this is a fatal msg
2024-07-23 23:23:27,570 test [ALERT] this is an alert msg
2024-07-23 23:23:27,570 test [CRIT] this is a crit msg
2024-07-23 23:23:27,570 test [ERROR] this is an error msg
2024-07-23 23:23:27,570 test [WARN] this is a warn msg
2024-07-23 23:23:27,570 test [FATAL] this is an emerg msg
2024-07-23 23:23:27,570 test [FATAL] this is a fatal msg
2024-07-23 23:23:27,570 test [ALERT] this is an alert msg
2024-07-23 23:23:27,570 test [CRIT] this is a crit msg
2024-07-23 23:23:27,570 test [ERROR] this is an error msg
2024-07-23 23:23:27,570 test [WARN] this is a warn msg
2024-07-23 23:23:27,570 test [FATAL] this is an emerg msg
2024-07-23 23:23:27,570 test [FATAL] this is a fatal msg
2024-07-23 23:23:27,570 test [ALERT] this is an alert msg
2024-07-23 23:23:27,570 test [CRIT] this is a crit msg
2024-07-23 23:23:27,570 test [ERROR] this is an error msg
2024-07-23 23:23:27,571 test [WARN] this is a warn msg
2024-07-23 23:23:27,571 test [FATAL] this is an emerg msg
2024-07-23 23:23:27,571 test [FATAL] this is a fatal msg
2024-07-23 23:23:27,571 test [ALERT] this is an alert msg
2024-07-23 23:23:27,571 test [CRIT] this is a crit msg
2024-07-23 23:23:27,571 test [ERROR] this is an error msg
2024-07-23 23:23:27,571 test [WARN] this is a warn msg
2024-07-23 23:23:27,571 test [FATAL] this is an emerg msg
2024-07-23 23:23:27,571 test [FATAL] this is a fatal msg
2024-07-23 23:23:27,571 test [ALERT] this is an alert msg
2024-07-23 23:23:27,571 test [CRIT] this is a crit msg
2024-07-23 23:23:27,571 test [ERROR] this is an error msg
2024-07-23 23:23:27,571 test [WARN] this is a warn msg
2024-07-23 23:23:27,571 test [FATAL] this is an emerg msg
2024-07-23 23:23:27,571 test [FATAL] this is a fatal msg
2024-07-23 23:23:27,571 test [ALERT] this is an alert msg
2024-07-23 23:23:27,571 test [CRIT] this is a crit msg
2024-07-23 23:23:27,571 test [ERROR] this is an error msg
2024-07-23 23:23:27,571 test [WARN] this is a warn msg
2024-07-23 23:23:27,571 test [FATAL] this is an emerg msg
2024-07-23 23:23:27,571 test [FATAL] this is a fatal msg
2024-07-23 23:23:27,571 test [ALERT] this is an alert msg
2024-07-23 23:23:27,571 test [CRIT] this is a crit msg
2024-07-23 23:23:27,571 test [ERROR] this is an error msg
2024-07-23 23:23:27,571 test [WARN] this is a warn msg
2024-07-23 23:23:27,571 test [FATAL] this is an emerg msg
2024-07-23 23:23:27,571 test [FATAL] this is a fatal msg
2024-07-23 23:23:27,571 test [ALERT] this is an alert msg
2024-07-23 23:23:27,571 test [CRIT] this is a crit msg
2024-07-23 23:23:27,571 test [ERROR] this is an error msg
2024-07-23 23:23:27,571 test [WARN] this is a warn msg
2024-07-23 23:23:27,571 test [FATAL] this is an emerg msg
2024-07-23 23:23:27,571 test [FATAL] this is a fatal msg
2024-07-23 23:23:27,571 test [ALERT] this is an alert msg
2024-07-23 23:23:27,571 test [CRIT] this is a crit msg
2024-07-23 23:23:27,571 test [ERROR] this is an error msg
2024-07-23 23:23:27,571 test [WARN] this is a warn msg
2024-07-23 23:23:27,571 test [FATAL] this is an emerg msg
2024-07-23 23:23:27,571 test [FATAL] this is a fatal msg
2024-07-23 23:23:27,571 test [ALERT] this is an alert msg
2024-07-23 23:23:27,571 test [CRIT] this is a crit msg
2024-07-23 23:23:27,571 test [ERROR] this is an error msg
2024-07-23 23:23:27,571 test [WARN] this is a warn msg
2024-07-23 23:23:27,572 test [FATAL] this is an emerg msg
2024-07-23 23:23:27,572 test [FATAL] this is a fatal msg
2024-07-23 23:23:27,572 test [ALERT] this is an alert msg
2024-07-23 23:23:27,572 test [CRIT] this is a crit msg
2024-07-23 23:23:27,572 test [ERROR] this is an error msg
2024-07-23 23:23:27,572 test [WARN] this is a warn msg
2024-07-23 23:23:27,572 test [FATAL] this is an emerg msg
2024-07-23 23:23:27,572 test [FATAL] this is a fatal msg
2024-07-23 23:23:27,572 test [ALERT] this is an alert msg
2024-07-23 23:23:27,572 test [CRIT] this is a crit msg
2024-07-23 23:23:27,572 test [ERROR] this is an error msg
2024-07-23 23:23:27,572 test [WARN] this is a warn msg
2024-07-23 23:23:27,572 test [FATAL] this is an emerg msg
2024-07-23 23:23:27,572 test [FATAL] this is a fatal msg
2024-07-23 23:23:27,572 test [ALERT] this is an alert msg
2024-07-23 23:23:27,572 test [CRIT] this is a crit msg
2024-07-23 23:23:27,572 test [ERROR] this is an error msg
2024-07-23 23:23:27,572 test [WARN] this is a warn msg
2024-07-23 23:23:27,572 test [FATAL] this is an emerg msg
2024-07-23 23:23:27,572 test [FATAL] this is a fatal msg
2024-07-23 23:23:27,572 test [ALERT] this is an alert msg
2024-07-23 23:23:27,572 test [CRIT] this is a crit msg
2024-07-23 23:23:27,572 test [ERROR] this is an error msg
2024-07-23 23:23:27,572 test [WARN] this is a warn msg
2024-07-23 23:23:27,572 test [FATAL] this is an emerg msg
2024-07-23 23:23:27,572 test [FATAL] this is a fatal msg
2024-07-23 23:23:27,572 test [ALERT] this is an alert msg
2024-07-23 23:23:27,572 test [CRIT] this is a crit msg
2024-07-23 23:23:27,573 test [ERROR] this is an error msg
2024-07-23 23:23:27,573 test [WARN] this is a warn msg
2024-07-23 23:23:27,573 test [FATAL] this is an emerg msg
2024-07-23 23:23:27,573 test [FATAL] this is a fatal msg
2024-07-23 23:23:27,573 test [ALERT] this is an alert msg
2024-07-23 23:23:27,573 test [CRIT] this is a crit msg
2024-07-23 23:23:27,573 test [ERROR] this is an error msg
2024-07-23 23:23:27,573 test [WARN] this is a warn msg
2024-07-23 23:23:27,573 test [FATAL] this is an emerg msg
2024-07-23 23:23:27,573 test [FATAL] this is a fatal msg
2024-07-23 23:23:27,573 test [ALERT] this is an alert msg
2024-07-23 23:23:27,573 test [CRIT] this is a crit msg
2024-07-23 23:23:27,573 test [ERROR] this is an error msg
2024-07-23 23:23:27,573 test [WARN] this is a warn msg
2024-07-23 23:23:27,573 test [FATAL] this is an emerg msg
2024-07-23 23:23:27,573 test [FATAL] this is a fatal msg
2024-07-23 23:23:27,573 test [ALERT] this is an alert msg
2024-07-23 23:23:27,573 test [CRIT] this is a crit msg
2024-07-23 23:23:27,573 test [ERROR] this is an error msg
2024-07-23 23:23:27,573 test [WARN] this is a warn msg
2024-07-23 23:23:27,573 test [FATAL] this is an emerg msg
2024-07-23 23:23:27,573 test [FATAL] this is a fatal msg
2024-07-23 23:23:27,573 test [ALERT] this is an alert msg
2024-07-23 23:23:27,573 test [CRIT] this is a crit msg
2024-07-23 23:23:27,573 test [ERROR] this is an error msg
2024-07-23 23:23:27,573 test [WARN] this is a warn msg
2024-07-23 23:23:27,573 test [FATAL] this is an emerg msg
2024-07-23 23:23:27,573 test [FATAL] this is a fatal msg
2024-07-23 23:23:27,573 test [ALERT] this is an alert msg
2024-07-23 23:23:27,573 test [CRIT] this is a crit msg
2024-07-23 23:23:27,573 test [ERROR] this is an error msg
2024-07-23 23:23:27,573 test [WARN] this is a warn msg
2024-07-23 23:23:27,573 test [FATAL] this is an emerg msg
2024-07-23 23:23:27,573 test [FATAL] this is a fatal msg
2024-07-23 23:23:27,573 test [ALERT] this is an alert msg
2024-07-23 23:23:27,573 test [CRIT] this is a crit msg
2024-07-23 23:23:27,573 test [ERROR] this is an error msg
2024-07-23 23:23:27,573 test [WARN] this is a warn msg
2024-07-23 23:23:27,573 test [FATAL] this is an emerg msg
2024-07-23 23:23:27,573 test [FATAL] this is a fatal msg
2024-07-23 23:23:27,573 test [ALERT] this is an alert msg
2024-07-23 23:23:27,573 test [CRIT] this is a crit msg
2024-07-23 23:23:27,573 test [ERROR] this is an error msg
2024-07-23 23:23:27,573 test [WARN] this is a warn msg
2024-07-23 23:23:27,573 test [FATAL] this is an emerg msg
2024-07-23 23:23:27,573 test [FATAL] this is a fatal msg
2024-07-23 23:23:27,573 test [ALERT] this is an alert msg
2024-07-23 23:23:27,573 test [CRIT] this is a crit msg
2024-07-23 23:23:27,574 test [ERROR] this is an error msg
2024-07-23 23:23:27,574 test [WARN] this is a warn msg
2024-07-23 23:23:27,574 test [FATAL] this is an emerg msg
2024-07-23 23:23:27,574 test [FATAL] this is a fatal msg
2024-07-23 23:23:27,574 test [ALERT] this is an alert msg
2024-07-23 23:23:27,574 test [CRIT] this is a crit msg
2024-07-23 23:23:27,574 test [ERROR] this is an error msg
2024-07-23 23:23:27,574 test [WARN] this is a warn msg
2024-07-23 23:23:27,574 test [FATAL] this is an emerg msg
2024-07-23 23:23:27,574 test [FATAL] this is a fatal msg
2024-07-23 23:23:27,574 test [ALERT] this is an alert msg
2024-07-23 23:23:27,574 test [CRIT] this is a crit msg
2024-07-23 23:23:27,574 test [ERROR] this is an error msg
2024-07-23 23:23:27,574 test [WARN] this is a warn msg
2024-07-23 23:23:27,574 test [FATAL] this is an emerg msg
2024-07-23 23:23:27,574 test [FATAL] this is a fatal msg
2024-07-23 23:23:27,574 test [ALERT] this is an alert msg
2024-07-23 23:23:27,574 test [CRIT] this is a crit msg
2024-07-23 23:23:27,574 test [ERROR] this is an error msg
2024-07-23 23:23:27,574 test [WARN] this is a warn msg
2024-07-23 23:23:27,574 test [FATAL] this is an emerg msg
2024-07-23 23:23:27,574 test [FATAL] this is a fatal msg
2024-07-23 23:23:27,574 test [ALERT] this is an alert msg
2024-07-23 23:23:27,574 test [CRIT] this is a crit msg
2024-07-23 23:23:27,574 test [ERROR] this is an error msg
2024-07-23 23:23:27,574 test [WARN] this is a warn msg
2024-07-23 23:23:27,574 test [FATAL] this is an emerg msg
2024-07-23 23:23:27,574 test [FATAL] this is a fatal msg
2024-07-23 23:23:27,574 test [ALERT] this is an alert msg
2024-07-23 23:23:27,574 test [CRIT] this is a crit msg
2024-07-23 23:23:27,574 test [ERROR] this is an error msg
2024-07-23 23:23:27,574 test [WARN] this is a warn msg
2024-07-23 23:23:27,574 test [FATAL] this is an emerg msg
2024-07-23 23:23:27,574 test [FATAL] this is a fatal msg
2024-07-23 23:23:27,574 test [ALERT] this is an alert msg
2024-07-23 23:23:27,574 test [CRIT] this is a crit msg
2024-07-23 23:23:27,574 test [ERROR] this is an error msg
2024-07-23 23:23:27,574 test [WARN] this is a warn msg
2024-07-23 23:23:27,574 test [FATAL] this is an emerg msg
2024-07-23 23:23:27,574 test [FATAL] this is a fatal msg
2024-07-23 23:23:27,574 test [ALERT] this is an alert msg
2024-07-23 23:23:27,574 test [CRIT] this is a crit msg
2024-07-23 23:23:27,574 test [ERROR] this is an error msg
2024-07-23 23:23:27,574 test [WARN] this is a warn msg
2024-07-23 23:23:27,575 test [FATAL] this is an emerg msg
2024-07-23 23:23:27,575 test [FATAL] this is a fatal msg
2024-07-23 23:23:27,575 test [ALERT] this is an alert msg
2024-07-23 23:23:27,575 test [CRIT] this is a crit msg
2024-07-23 23:23:27,575 test [ERROR] this is an error msg
2024-07-23 23:23:27,575 test [WARN] this is a warn msg
2024-07-23 23:23:27,575 test [FATAL] this is an emerg msg
2024-07-23 23:23:27,575 test [FATAL] this is a fatal msg
2024-07-23 23:23:27,575 test [ALERT] this is an alert msg
2024-07-23 23:23:27,575 test [CRIT] this is a crit msg
2024-07-23 23:23:27,575 test [ERROR] this is an error msg
2024-07-23 23:23:27,575 test [WARN] this is a warn msg
2024-07-23 23:23:27,575 test [FATAL] this is an emerg msg
2024-07-23 23:23:27,575 test [FATAL] this is a fatal msg
2024-07-23 23:23:27,575 test [ALERT] this is an alert msg
2024-07-23 23:23:27,575 test [CRIT] this is a crit msg
2024-07-23 23:23:27,575 test [ERROR] this is an error msg
2024-07-23 23:23:27,575 test [WARN] this is a warn msg
2024-07-23 23:23:27,575 test [FATAL] this is an emerg msg
2024-07-23 23:23:27,575 test [FATAL] this is a fatal msg
2024-07-23 23:23:27,575 test [ALERT] this is an alert msg
2024-07-23 23:23:27,575 test [CRIT] this is a crit msg
2024-07-23 23:23:27,575 test [ERROR] this is an error msg
2024-07-23 23:23:27,575 test [WARN] this is a warn msg
2024-07-23 23:23:27,575 test [FATAL] this is an emerg msg
2024-07-23 23:23:27,575 test [FATAL] this is a fatal msg
2024-07-23 23:23:27,575 test [ALERT] this is an alert msg
2024-07-23 23:23:27,575 test [CRIT] this is a crit msg
2024-07-23 23:23:27,575 test [ERROR] this is an error msg
2024-07-23 23:23:27,575 test [WARN] this is a warn msg
2024-07-23 23:23:27,575 test [FATAL] this is an emerg msg
2024-07-23 23:23:27,575 test [FATAL] this is a fatal msg
2024-07-23 23:23:27,575 test [ALERT] this is an alert msg
2024-07-23 23:23:27,575 test [CRIT] this is a crit msg
2024-07-23 23:23:27,575 test [ERROR] this is an error msg
2024-07-23 23:23:27,575 test [WARN] this is a warn msg
2024-07-23 23:23:27,575 test [FATAL] this is an emerg msg
2024-07-23 23:23:27,575 test [FATAL] this is a fatal msg
2024-07-23 23:23:27,575 test [ALERT] this is an alert msg
2024-07-23 23:23:27,575 test [CRIT] this is a crit msg
2024-07-23 23:23:27,575 test [ERROR] this is an error msg
2024-07-23 23:23:27,576 test [WARN] this is a warn msg
2024-07-23 23:23:27,576 test [FATAL] this is an emerg msg
2024-07-23 23:23:27,576 test [FATAL] this is a fatal msg
2024-07-23 23:23:27,576 test [ALERT] this is an alert msg
2024-07-23 23:23:27,576 test [CRIT] this is a crit msg
2024-07-23 23:23:27,576 test [ERROR] this is an error msg
2024-07-23 23:23:27,576 test [WARN] this is a warn msg
2024-07-23 23:23:27,576 test [FATAL] this is an emerg msg
2024-07-23 23:23:27,576 test [FATAL] this is a fatal msg
2024-07-23 23:23:27,576 test [ALERT] this is an alert msg
2024-07-23 23:23:27,576 test [CRIT] this is a crit msg
2024-07-23 23:23:27,576 test [ERROR] this is an error msg
2024-07-23 23:23:27,576 test [WARN] this is a warn msg
2024-07-23 23:23:27,576 test [FATAL] this is an emerg msg
2024-07-23 23:23:27,576 test [FATAL] this is a fatal msg
2024-07-23 23:23:27,576 test [ALERT] this is an alert msg
2024-07-23 23:23:27,576 test [CRIT] this is a crit msg
2024-07-23 23:23:27,576 test [ERROR] this is an error msg
2024-07-23 23:23:27,576 test [WARN] this is a warn msg
2024-07-23 23:23:27,576 test [FATAL] this is an emerg msg
2024-07-23 23:23:27,576 test [FATAL] this is a fatal msg
2024-07-23 23:23:27,576 test [ALERT] this is an alert msg
2024-07-23 23:23:27,576 test [CRIT] this is a crit msg
2024-07-23 23:23:27,576 test [ERROR] this is an error msg
2024-07-23 23:23:27,576 test [WARN] this is a warn msg
2024-07-23 23:23:27,576 test [FATAL] this is an emerg msg
2024-07-23 23:23:27,576 test [FATAL] this is a fatal msg
2024-07-23 23:23:27,576 test [ALERT] this is an alert msg
2024-07-23 23:23:27,576 test [CRIT] this is a crit msg
2024-07-23 23:23:27,576 test [ERROR] this is an error msg
2024-07-23 23:23:27,577 test [WARN] this is a warn msg
2024-07-23 23:23:27,577 test [FATAL] this is an emerg msg
2024-07-23 23:23:27,577 test [FATAL] this is a fatal msg
2024-07-23 23:23:27,577 test [ALERT] this is an alert msg
2024-07-23 23:23:27,577 test [CRIT] this is a crit msg
2024-07-23 23:23:27,577 test [ERROR] this is an error msg
2024-07-23 23:23:27,577 test [WARN] this is a warn msg
2024-07-23 23:23:27,577 test [FATAL] this is an emerg msg
2024-07-23 23:23:27,577 test [FATAL] this is a fatal msg
2024-07-23 23:23:27,577 test [ALERT] this is an alert msg
2024-07-23 23:23:27,577 test [CRIT] this is a crit msg
2024-07-23 23:23:27,577 test [ERROR] this is an error msg
2024-07-23 23:23:27,577 test [WARN] this is a warn msg
2024-07-23 23:23:27,577 test [FATAL] this is an emerg msg
2024-07-23 23:23:27,577 test [FATAL] this is a fatal msg
2024-07-23 23:23:27,577 test [ALERT] this is an alert msg
2024-07-23 23:23:27,577 test [CRIT] this is a crit msg
2024-07-23 23:23:27,577 test [ERROR] this is an error msg
2024-07-23 23:23:27,577 test [WARN] this is a warn msg
2024-07-23 23:23:27,577 test [FATAL] this is an emerg msg
2024-07-23 23:23:27,577 test [FATAL] this is a fatal msg
2024-07-23 23:23:27,577 test [ALERT] this is an alert msg
2024-07-23 23:23:27,577 test [CRIT] this is a crit msg
2024-07-23 23:23:27,577 test [ERROR] this is an error msg
2024-07-23 23:23:27,577 test [WARN] this is a warn msg
2024-07-23 23:23:27,577 test [FATAL] this is an emerg msg
2024-07-23 23:23:27,578 test [FATAL] this is a fatal msg
2024-07-23 23:23:27,578 test [ALERT] this is an alert msg
2024-07-23 23:23:27,578 test [CRIT] this is a crit msg
2024-07-23 23:23:27,578 test [ERROR] this is an error msg
2024-07-23 23:23:27,578 test [WARN] this is a warn msg
2024-07-23 23:23:27,578 test [FATAL] this is an emerg msg
2024-07-23 23:23:27,578 test [FATAL] this is a fatal msg
2024-07-23 23:23:27,578 test [ALERT] this is an alert msg
2024-07-23 23:23:27,578 test [CRIT] this is a crit msg
2024-07-23 23:23:27,578 test [ERROR] this is an error msg
2024-07-23 23:23:27,578 test [WARN] this is a warn msg
2024-07-23 23:23:27,578 test [FATAL] this is an emerg msg
2024-07-23 23:23:27,578 test [FATAL] this is a fatal msg
2024-07-23 23:23:27,578 test [ALERT] this is an alert msg
2024-07-23 23:23:27,578 test [CRIT] this is a crit msg
2024-07-23 23:23:27,578 test [ERROR] this is an error msg
2024-07-23 23:23:27,578 test [WARN] this is a warn msg
2024-07-23 23:23:27,578 test [FATAL] this is an emerg msg
2024-07-23 23:23:27,578 test [FATAL] this is a fatal msg
2024-07-23 23:23:27,578 test [ALERT] this is an alert msg
2024-07-23 23:23:27,578 test [CRIT] this is a crit msg
2024-07-23 23:23:27,578 test [ERROR] this is an error msg
2024-07-23 23:23:27,578 test [WARN] this is a warn msg
2024-07-23 23:23:27,578 test [FATAL] this is an emerg msg
2024-07-23 23:23:27,578 test [FATAL] this is a fatal msg
2024-07-23 23:23:27,578 test [ALERT] this is an alert msg
2024-07-23 23:23:27,578 test [CRIT] this is a crit msg
2024-07-23 23:23:27,578 test [ERROR] this is an error msg
2024-07-23 23:23:27,579 test [WARN] this is a warn msg
2024-07-23 23:23:27,579 test [FATAL] this is an emerg msg
2024-07-23 23:23:27,579 test [FATAL] this is a fatal msg
2024-07-23 23:23:27,579 test [ALERT] this is an alert msg
2024-07-23 23:23:27,579 test [CRIT] this is a crit msg
2024-07-23 23:23:27,579 test [ERROR] this is an error msg
2024-07-23 23:23:27,579 test [WARN] this is a warn msg
2024-07-23 23:23:27,579 test [FATAL] this is an emerg msg
2024-07-23 23:23:27,579 test [FATAL] this is a fatal msg
2024-07-23 23:23:27,579 test [ALERT] this is an alert msg
2024-07-23 23:23:27,579 test [CRIT] this is a crit msg
2024-07-23 23:23:27,579 test [ERROR] this is an error msg
2024-07-23 23:23:27,579 test [WARN] this is a warn msg
2024-07-23 23:23:27,579 test [FATAL] this is an emerg msg
2024-07-23 23:23:27,579 test [FATAL] this is a fatal msg
2024-07-23 23:23:27,579 test [ALERT] this is an alert msg
2024-07-23 23:23:27,579 test [CRIT] this is a crit msg
2024-07-23 23:23:27,579 test [ERROR] this is an error msg
2024-07-23 23:23:27,579 test [WARN] this is a warn msg
